生成启动时间为 2013/12/17 17:20:09。
     1>项目“F:\HtmlAnalyse\Html_Analyse\Html_Analyse\Html_Analyse.vcxproj”在节点 2 上(build 个目标)。
     1>InitializeBuildStatus:
         正在创建“Debug\Html_Analyse.unsuccessfulbuild”，因为已指定“AlwaysCreate”。
       ClCompile:
         C:\Program Files (x86)\Microsoft Visual Studio 10.0\VC\bin\CL.exe /c /ZI /nologo /W3 /WX- /Od /Oy- /D _MBCS /Gm /EHsc /RTC1 /MDd /GS /fp:precise /Zc:wchar_t /Zc:forScope /Fo"Debug\\" /Fd"Debug\vc100.pdb" /Gd /TP /analyze- /errorReport:prompt main.cpp
         main.cpp
     1>f:\htmlanalyse\html_analyse\html_analyse\htmlnodeoperate.h(19): warning C4091: “typedef ”: 没有声明变量时忽略“NodeType”的左侧
     1>f:\htmlanalyse\html_analyse\html_analyse\htmlnodeoperate.h(27): warning C4091: “typedef ”: 没有声明变量时忽略“TagNode”的左侧
       Link:
         C:\Program Files (x86)\Microsoft Visual Studio 10.0\VC\bin\link.exe /ERRORREPORT:PROMPT /OUT:"F:\HtmlAnalyse\Html_Analyse\Debug\Html_Analyse.exe" /NOLOGO kernel32.lib user32.lib gdi32.lib winspool.lib comdlg32.lib advapi32.lib shell32.lib ole32.lib oleaut32.lib uuid.lib odbc32.lib odbccp32.lib /MANIFEST /ManifestFile:"Debug\Html_Analyse.exe.intermediate.manifest" /MANIFESTUAC:"level='asInvoker' uiAccess='false'" /DEBUG /PDB:"F:\HtmlAnalyse\Html_Analyse\Debug\Html_Analyse.pdb" /TLBID:1 /DYNAMICBASE /NXCOMPAT /IMPLIB:"F:\HtmlAnalyse\Html_Analyse\Debug\Html_Analyse.lib" /MACHINE:X86 Debug\c_buf_FileOperate.obj
         Debug\DisPlayTagArry.obj
         Debug\FilterEnd.obj
         Debug\FilterTagMore.obj
         Debug\GetTagPos.obj
         Debug\InitTagArry.obj
         Debug\main.obj
         Debug\NodeOperate.obj
         Debug\ThereNoEnd.obj
         LINK : 没有找到 F:\HtmlAnalyse\Html_Analyse\Debug\Html_Analyse.exe 或上一个增量链接没有生成它；正在执行完全链接
         Html_Analyse.vcxproj -> F:\HtmlAnalyse\Html_Analyse\Debug\Html_Analyse.exe
       Manifest:
         C:\Program Files (x86)\Microsoft SDKs\Windows\v7.0A\bin\mt.exe /nologo /verbose /outputresource:"F:\HtmlAnalyse\Html_Analyse\Debug\Html_Analyse.exe;#1" /manifest Debug\Html_Analyse.exe.intermediate.manifest
       FinalizeBuildStatus:
         正在删除文件“Debug\Html_Analyse.unsuccessfulbuild”。
         正在对“Debug\Html_Analyse.lastbuildstate”执行 Touch 任务。
     1>已完成生成项目“F:\HtmlAnalyse\Html_Analyse\Html_Analyse\Html_Analyse.vcxproj”(build 个目标)的操作。

生成成功。

已用时间 00:00:06.49
