F:\HTMLANALYSE\HTML_ANALYSE\DEBUG\HTML_ANALYSE.EXE
F:\HTMLANALYSE\HTML_ANALYSE\DEBUG\HTML_ANALYSE.ILK
F:\HTMLANALYSE\HTML_ANALYSE\DEBUG\HTML_ANALYSE.PDB
F:\HTMLANALYSE\HTML_ANALYSE\HTML_ANALYSE\DEBUG\C_BUF_FILEOPERATE.OBJ
F:\HtmlAnalyse\Html_Analyse\Html_Analyse\Debug\cl.command.1.tlog
F:\HtmlAnalyse\Html_Analyse\Html_Analyse\Debug\CL.read.1.tlog
F:\HtmlAnalyse\Html_Analyse\Html_Analyse\Debug\CL.write.1.tlog
F:\HTMLANALYSE\HTML_ANALYSE\HTML_ANALYSE\DEBUG\DISPLAYTAGARRY.OBJ
F:\HTMLANALYSE\HTML_ANALYSE\HTML_ANALYSE\DEBUG\FILTEREND.OBJ
F:\HTMLANALYSE\HTML_ANALYSE\HTML_ANALYSE\DEBUG\FILTERTAGMORE.OBJ
F:\HTMLANALYSE\HTML_ANALYSE\HTML_ANALYSE\DEBUG\GETTAGPOS.OBJ
F:\HTMLANALYSE\HTML_ANALYSE\HTML_ANALYSE\DEBUG\HTML_ANALYSE.EXE.INTERMEDIATE.MANIFEST
F:\HTMLANALYSE\HTML_ANALYSE\HTML_ANALYSE\DEBUG\INITTAGARRY.OBJ
F:\HtmlAnalyse\Html_Analyse\Html_Analyse\Debug\link.command.1.tlog
F:\HtmlAnalyse\Html_Analyse\Html_Analyse\Debug\link.read.1.tlog
F:\HtmlAnalyse\Html_Analyse\Html_Analyse\Debug\link.write.1.tlog
F:\HTMLANALYSE\HTML_ANALYSE\HTML_ANALYSE\DEBUG\MAIN.OBJ
F:\HtmlAnalyse\Html_Analyse\Html_Analyse\Debug\mt.command.1.tlog
F:\HtmlAnalyse\Html_Analyse\Html_Analyse\Debug\mt.read.1.tlog
F:\HtmlAnalyse\Html_Analyse\Html_Analyse\Debug\mt.write.1.tlog
F:\HTMLANALYSE\HTML_ANALYSE\HTML_ANALYSE\DEBUG\NODEOPERATE.OBJ
F:\HtmlAnalyse\Html_Analyse\Html_Analyse\Debug\vc100.idb
F:\HTMLANALYSE\HTML_ANALYSE\HTML_ANALYSE\DEBUG\VC100.PDB
